{"C:\\Users\\anind\\Projects\\milestone-4-fix\\src\\app.controller.ts": {"path":"C:\\Users\\anind\\Projects\\milestone-4-fix\\src\\app.controller.ts","statementMap":{"0":{"start":{"line":1,"column":0},"end":{"line":1,"column":49}},"1":{"start":{"line":2,"column":0},"end":{"line":2,"column":43}},"2":{"start":{"line":5,"column":7},"end":{"line":12,"column":null}},"3":{"start":{"line":6,"column":31},"end":{"line":6,"column":43}},"4":{"start":{"line":10,"column":4},"end":{"line":10,"column":38}},"5":{"start":{"line":5,"column":13},"end":{"line":5,"column":26}},"6":{"start":{"line":9,"column":2},"end":{"line":11,"column":null}},"7":{"start":{"line":5,"column":13},"end":{"line":12,"column":null}}},"fnMap":{"0":{"name":"(anonymous_2)","decl":{"start":{"line":6,"column":2},"end":{"line":6,"column":31}},"loc":{"start":{"line":6,"column":53},"end":{"line":6,"column":57}}},"1":{"name":"(anonymous_3)","decl":{"start":{"line":9,"column":2},"end":{"line":9,"column":10}},"loc":{"start":{"line":9,"column":10},"end":{"line":11,"column":3}}}},"branchMap":{"0":{"loc":{"start":{"line":6,"column":43},"end":{"line":6,"column":56}},"type":"cond-expr","locations":[{"start":{"line":6,"column":53},"end":{"line":6,"column":56}},{"start":{"line":6,"column":53},"end":{"line":6,"column":56}}]},"1":{"loc":{"start":{"line":6,"column":43},"end":{"line":6,"column":53}},"type":"binary-expr","locations":[{"start":{"line":6,"column":43},"end":{"line":6,"column":56}},{"start":{"line":6,"column":43},"end":{"line":6,"column":53}}]}},"s":{"0":1,"1":1,"2":1,"3":1,"4":1,"5":1,"6":1,"7":1},"f":{"0":1,"1":1},"b":{"0":[1,0],"1":[1,1]}}
,"C:\\Users\\anind\\Projects\\milestone-4-fix\\src\\app.module.ts": {"path":"C:\\Users\\anind\\Projects\\milestone-4-fix\\src\\app.module.ts","statementMap":{"0":{"start":{"line":1,"column":0},"end":{"line":1,"column":40}},"1":{"start":{"line":2,"column":0},"end":{"line":2,"column":49}},"2":{"start":{"line":3,"column":0},"end":{"line":3,"column":43}},"3":{"start":{"line":4,"column":0},"end":{"line":4,"column":56}},"4":{"start":{"line":5,"column":0},"end":{"line":5,"column":54}},"5":{"start":{"line":6,"column":0},"end":{"line":6,"column":48}},"6":{"start":{"line":7,"column":0},"end":{"line":7,"column":48}},"7":{"start":{"line":8,"column":0},"end":{"line":8,"column":57}},"8":{"start":{"line":9,"column":0},"end":{"line":9,"column":69}},"9":{"start":{"line":10,"column":0},"end":{"line":10,"column":51}},"10":{"start":{"line":17,"column":7},"end":{"line":17,"column":null}},"11":{"start":{"line":17,"column":13},"end":{"line":17,"column":22}},"12":{"start":{"line":17,"column":13},"end":{"line":17,"column":null}}},"fnMap":{},"branchMap":{},"s":{"0":0,"1":0,"2":0,"3":0,"4":0,"5":0,"6":0,"7":0,"8":0,"9":0,"10":0,"11":0,"12":0},"f":{},"b":{}}
,"C:\\Users\\anind\\Projects\\milestone-4-fix\\src\\app.service.ts": {"path":"C:\\Users\\anind\\Projects\\milestone-4-fix\\src\\app.service.ts","statementMap":{"0":{"start":{"line":1,"column":0},"end":{"line":1,"column":44}},"1":{"start":{"line":4,"column":7},"end":{"line":8,"column":null}},"2":{"start":{"line":6,"column":4},"end":{"line":6,"column":26}},"3":{"start":{"line":4,"column":13},"end":{"line":4,"column":23}},"4":{"start":{"line":4,"column":13},"end":{"line":8,"column":null}}},"fnMap":{"0":{"name":"(anonymous_1)","decl":{"start":{"line":5,"column":2},"end":{"line":5,"column":10}},"loc":{"start":{"line":5,"column":10},"end":{"line":7,"column":3}}}},"branchMap":{},"s":{"0":1,"1":1,"2":1,"3":1,"4":1},"f":{"0":1},"b":{}}
,"C:\\Users\\anind\\Projects\\milestone-4-fix\\src\\main.ts": {"path":"C:\\Users\\anind\\Projects\\milestone-4-fix\\src\\main.ts","statementMap":{"0":{"start":{"line":1,"column":0},"end":{"line":1,"column":43}},"1":{"start":{"line":2,"column":0},"end":{"line":2,"column":41}},"2":{"start":{"line":3,"column":0},"end":{"line":3,"column":65}},"3":{"start":{"line":4,"column":0},"end":{"line":4,"column":48}},"4":{"start":{"line":9,"column":14},"end":{"line":9,"column":49}},"5":{"start":{"line":11,"column":2},"end":{"line":15,"column":8}},"6":{"start":{"line":17,"column":17},"end":{"line":29,"column":12}},"7":{"start":{"line":31,"column":19},"end":{"line":31,"column":60}},"8":{"start":{"line":32,"column":2},"end":{"line":32,"column":44}},"9":{"start":{"line":34,"column":2},"end":{"line":34,"column":45}},"10":{"start":{"line":36,"column":0},"end":{"line":36,"column":12}}},"fnMap":{"0":{"name":"bootstrap","decl":{"start":{"line":8,"column":15},"end":{"line":8,"column":24}},"loc":{"start":{"line":8,"column":24},"end":{"line":35,"column":1}}}},"branchMap":{"0":{"loc":{"start":{"line":34,"column":19},"end":{"line":34,"column":43}},"type":"binary-expr","locations":[{"start":{"line":34,"column":19},"end":{"line":34,"column":35}},{"start":{"line":34,"column":39},"end":{"line":34,"column":43}}]}},"s":{"0":0,"1":0,"2":0,"3":0,"4":0,"5":0,"6":0,"7":0,"8":0,"9":0,"10":0},"f":{"0":0},"b":{"0":[0,0]}}
,"C:\\Users\\anind\\Projects\\milestone-4-fix\\src\\account\\account.controller.ts": {"path":"C:\\Users\\anind\\Projects\\milestone-4-fix\\src\\account\\account.controller.ts","statementMap":{"0":{"start":{"line":1,"column":0},"end":{"line":1,"column":99}},"1":{"start":{"line":2,"column":0},"end":{"line":2,"column":51}},"2":{"start":{"line":3,"column":0},"end":{"line":3,"column":73}},"3":{"start":{"line":4,"column":0},"end":{"line":4,"column":61}},"4":{"start":{"line":5,"column":0},"end":{"line":5,"column":194}},"5":{"start":{"line":11,"column":7},"end":{"line":103,"column":null}},"6":{"start":{"line":12,"column":31},"end":{"line":12,"column":47}},"7":{"start":{"line":45,"column":4},"end":{"line":45,"column":55}},"8":{"start":{"line":62,"column":4},"end":{"line":62,"column":56}},"9":{"start":{"line":101,"column":4},"end":{"line":101,"column":60}},"10":{"start":{"line":11,"column":13},"end":{"line":11,"column":30}},"11":{"start":{"line":44,"column":2},"end":{"line":46,"column":null}},"12":{"start":{"line":61,"column":2},"end":{"line":63,"column":null}},"13":{"start":{"line":100,"column":2},"end":{"line":102,"column":null}},"14":{"start":{"line":11,"column":13},"end":{"line":103,"column":null}}},"fnMap":{"0":{"name":"(anonymous_4)","decl":{"start":{"line":12,"column":2},"end":{"line":12,"column":31}},"loc":{"start":{"line":12,"column":61},"end":{"line":12,"column":65}}},"1":{"name":"(anonymous_5)","decl":{"start":{"line":44,"column":2},"end":{"line":44,"column":8}},"loc":{"start":{"line":44,"column":50},"end":{"line":46,"column":3}}},"2":{"name":"(anonymous_6)","decl":{"start":{"line":61,"column":2},"end":{"line":61,"column":9}},"loc":{"start":{"line":61,"column":20},"end":{"line":63,"column":3}}},"3":{"name":"(anonymous_7)","decl":{"start":{"line":100,"column":2},"end":{"line":100,"column":9}},"loc":{"start":{"line":100,"column":45},"end":{"line":102,"column":3}}}},"branchMap":{"0":{"loc":{"start":{"line":44,"column":34},"end":{"line":44,"column":null}},"type":"cond-expr","locations":[{"start":{"line":44,"column":50},"end":{"line":44,"column":null}},{"start":{"line":44,"column":50},"end":{"line":44,"column":null}}]},"1":{"loc":{"start":{"line":44,"column":34},"end":{"line":44,"column":50}},"type":"binary-expr","locations":[{"start":{"line":44,"column":34},"end":{"line":44,"column":null}},{"start":{"line":44,"column":34},"end":{"line":44,"column":50}}]},"2":{"loc":{"start":{"line":12,"column":47},"end":{"line":12,"column":64}},"type":"cond-expr","locations":[{"start":{"line":12,"column":61},"end":{"line":12,"column":64}},{"start":{"line":12,"column":61},"end":{"line":12,"column":64}}]},"3":{"loc":{"start":{"line":12,"column":47},"end":{"line":12,"column":61}},"type":"binary-expr","locations":[{"start":{"line":12,"column":47},"end":{"line":12,"column":64}},{"start":{"line":12,"column":47},"end":{"line":12,"column":61}}]}},"s":{"0":0,"1":0,"2":0,"3":0,"4":0,"5":0,"6":0,"7":0,"8":0,"9":0,"10":0,"11":0,"12":0,"13":0,"14":0},"f":{"0":0,"1":0,"2":0,"3":0},"b":{"0":[0,0],"1":[0,0],"2":[0,0],"3":[0,0]}}
,"C:\\Users\\anind\\Projects\\milestone-4-fix\\src\\account\\account.module.ts": {"path":"C:\\Users\\anind\\Projects\\milestone-4-fix\\src\\account\\account.module.ts","statementMap":{"0":{"start":{"line":1,"column":0},"end":{"line":1,"column":40}},"1":{"start":{"line":2,"column":0},"end":{"line":2,"column":51}},"2":{"start":{"line":3,"column":0},"end":{"line":3,"column":57}},"3":{"start":{"line":4,"column":0},"end":{"line":4,"column":58}},"4":{"start":{"line":10,"column":7},"end":{"line":10,"column":null}},"5":{"start":{"line":10,"column":13},"end":{"line":10,"column":26}},"6":{"start":{"line":10,"column":13},"end":{"line":10,"column":null}}},"fnMap":{},"branchMap":{},"s":{"0":0,"1":0,"2":0,"3":0,"4":0,"5":0,"6":0},"f":{},"b":{}}
,"C:\\Users\\anind\\Projects\\milestone-4-fix\\src\\account\\account.service.ts": {"path":"C:\\Users\\anind\\Projects\\milestone-4-fix\\src\\account\\account.service.ts","statementMap":{"0":{"start":{"line":1,"column":0},"end":{"line":1,"column":83}},"1":{"start":{"line":2,"column":0},"end":{"line":2,"column":58}},"2":{"start":{"line":6,"column":7},"end":{"line":91,"column":null}},"3":{"start":{"line":7,"column":31},"end":{"line":7,"column":39}},"4":{"start":{"line":11,"column":26},"end":{"line":11,"column":60}},"5":{"start":{"line":12,"column":20},"end":{"line":14,"column":6}},"6":{"start":{"line":16,"column":4},"end":{"line":19,"column":null}},"7":{"start":{"line":24,"column":21},"end":{"line":27,"column":6}},"8":{"start":{"line":29,"column":4},"end":{"line":32,"column":8}},"9":{"start":{"line":29,"column":36},"end":{"line":32,"column":6}},"10":{"start":{"line":37,"column":20},"end":{"line":39,"column":6}},"11":{"start":{"line":41,"column":4},"end":{"line":41,"column":67}},"12":{"start":{"line":41,"column":18},"end":{"line":41,"column":67}},"13":{"start":{"line":42,"column":4},"end":{"line":42,"column":null}},"14":{"start":{"line":42,"column":35},"end":{"line":42,"column":null}},"15":{"start":{"line":44,"column":4},"end":{"line":47,"column":6}},"16":{"start":{"line":52,"column":24},"end":{"line":52,"column":26}},"17":{"start":{"line":53,"column":19},"end":{"line":53,"column":24}},"18":{"start":{"line":55,"column":4},"end":{"line":63,"column":5}},"19":{"start":{"line":56,"column":6},"end":{"line":56,"column":85}},"20":{"start":{"line":58,"column":23},"end":{"line":60,"column":8}},"21":{"start":{"line":62,"column":6},"end":{"line":62,"column":40}},"22":{"start":{"line":62,"column":23},"end":{"line":62,"column":39}},"23":{"start":{"line":65,"column":4},"end":{"line":65,"column":25}},"24":{"start":{"line":70,"column":4},"end":{"line":77,"column":7}},"25":{"start":{"line":82,"column":20},"end":{"line":85,"column":6}},"26":{"start":{"line":87,"column":4},"end":{"line":87,"column":67}},"27":{"start":{"line":87,"column":18},"end":{"line":87,"column":67}},"28":{"start":{"line":89,"column":4},"end":{"line":89,"column":38}},"29":{"start":{"line":6,"column":13},"end":{"line":6,"column":27}},"30":{"start":{"line":6,"column":13},"end":{"line":91,"column":null}}},"fnMap":{"0":{"name":"(anonymous_2)","decl":{"start":{"line":7,"column":2},"end":{"line":7,"column":31}},"loc":{"start":{"line":7,"column":52},"end":{"line":7,"column":56}}},"1":{"name":"(anonymous_3)","decl":{"start":{"line":10,"column":2},"end":{"line":10,"column":7}},"loc":{"start":{"line":10,"column":29},"end":{"line":20,"column":3}}},"2":{"name":"(anonymous_4)","decl":{"start":{"line":23,"column":2},"end":{"line":23,"column":7}},"loc":{"start":{"line":23,"column":30},"end":{"line":33,"column":3}}},"3":{"name":"(anonymous_5)","decl":{"start":{"line":29,"column":24},"end":{"line":29,"column":31}},"loc":{"start":{"line":29,"column":36},"end":{"line":32,"column":6}}},"4":{"name":"(anonymous_6)","decl":{"start":{"line":36,"column":2},"end":{"line":36,"column":7}},"loc":{"start":{"line":36,"column":42},"end":{"line":48,"column":3}}},"5":{"name":"(anonymous_7)","decl":{"start":{"line":51,"column":10},"end":{"line":51,"column":15}},"loc":{"start":{"line":51,"column":37},"end":{"line":66,"column":3}}},"6":{"name":"(anonymous_8)","decl":{"start":{"line":69,"column":2},"end":{"line":69,"column":7}},"loc":{"start":{"line":69,"column":55},"end":{"line":78,"column":3}}},"7":{"name":"(anonymous_9)","decl":{"start":{"line":81,"column":2},"end":{"line":81,"column":7}},"loc":{"start":{"line":81,"column":36},"end":{"line":90,"column":3}}}},"branchMap":{"0":{"loc":{"start":{"line":41,"column":4},"end":{"line":41,"column":67}},"type":"if","locations":[{"start":{"line":41,"column":4},"end":{"line":41,"column":67}},{"start":{},"end":{}}]},"1":{"loc":{"start":{"line":42,"column":4},"end":{"line":42,"column":null}},"type":"if","locations":[{"start":{"line":42,"column":4},"end":{"line":42,"column":null}},{"start":{},"end":{}}]},"2":{"loc":{"start":{"line":62,"column":6},"end":{"line":62,"column":40}},"type":"if","locations":[{"start":{"line":62,"column":6},"end":{"line":62,"column":40}},{"start":{},"end":{}}]},"3":{"loc":{"start":{"line":87,"column":4},"end":{"line":87,"column":67}},"type":"if","locations":[{"start":{"line":87,"column":4},"end":{"line":87,"column":67}},{"start":{},"end":{}}]},"4":{"loc":{"start":{"line":7,"column":39},"end":{"line":7,"column":55}},"type":"cond-expr","locations":[{"start":{"line":7,"column":52},"end":{"line":7,"column":55}},{"start":{"line":7,"column":52},"end":{"line":7,"column":55}}]},"5":{"loc":{"start":{"line":7,"column":39},"end":{"line":7,"column":52}},"type":"binary-expr","locations":[{"start":{"line":7,"column":39},"end":{"line":7,"column":55}},{"start":{"line":7,"column":39},"end":{"line":7,"column":52}}]}},"s":{"0":1,"1":1,"2":1,"3":8,"4":1,"5":1,"6":1,"7":1,"8":1,"9":1,"10":4,"11":4,"12":1,"13":3,"14":2,"15":1,"16":1,"17":1,"18":1,"19":1,"20":1,"21":1,"22":1,"23":1,"24":1,"25":1,"26":1,"27":0,"28":1,"29":1,"30":1},"f":{"0":8,"1":1,"2":1,"3":1,"4":4,"5":1,"6":1,"7":1},"b":{"0":[1,3],"1":[2,1],"2":[1,0],"3":[0,1],"4":[1,0],"5":[1,1]}}
,"C:\\Users\\anind\\Projects\\milestone-4-fix\\src\\account\\dto\\account.dto.ts": {"path":"C:\\Users\\anind\\Projects\\milestone-4-fix\\src\\account\\dto\\account.dto.ts","statementMap":{"0":{"start":{"line":1,"column":0},"end":{"line":1,"column":46}},"1":{"start":{"line":3,"column":0},"end":{"line":3,"column":13}},"2":{"start":{"line":5,"column":0},"end":{"line":5,"column":13}},"3":{"start":{"line":7,"column":4},"end":{"line":7,"column":null}},"4":{"start":{"line":10,"column":4},"end":{"line":10,"column":null}},"5":{"start":{"line":13,"column":4},"end":{"line":13,"column":null}},"6":{"start":{"line":16,"column":4},"end":{"line":16,"column":null}},"7":{"start":{"line":19,"column":4},"end":{"line":19,"column":null}},"8":{"start":{"line":22,"column":4},"end":{"line":22,"column":null}}},"fnMap":{},"branchMap":{"0":{"loc":{"start":{"line":7,"column":8},"end":{"line":7,"column":15}},"type":"cond-expr","locations":[{"start":{"line":7,"column":14},"end":{"line":7,"column":15}},{"start":{"line":7,"column":14},"end":{"line":7,"column":15}}]},"1":{"loc":{"start":{"line":7,"column":8},"end":{"line":7,"column":14}},"type":"binary-expr","locations":[{"start":{"line":7,"column":8},"end":{"line":7,"column":15}},{"start":{"line":7,"column":8},"end":{"line":7,"column":14}}]},"2":{"loc":{"start":{"line":10,"column":19},"end":{"line":10,"column":26}},"type":"cond-expr","locations":[{"start":{"line":10,"column":25},"end":{"line":10,"column":26}},{"start":{"line":10,"column":25},"end":{"line":10,"column":26}}]},"3":{"loc":{"start":{"line":10,"column":19},"end":{"line":10,"column":25}},"type":"binary-expr","locations":[{"start":{"line":10,"column":19},"end":{"line":10,"column":26}},{"start":{"line":10,"column":19},"end":{"line":10,"column":25}}]},"4":{"loc":{"start":{"line":19,"column":15},"end":{"line":19,"column":20}},"type":"cond-expr","locations":[{"start":{"line":19,"column":19},"end":{"line":19,"column":20}},{"start":{"line":19,"column":19},"end":{"line":19,"column":20}}]},"5":{"loc":{"start":{"line":19,"column":15},"end":{"line":19,"column":19}},"type":"binary-expr","locations":[{"start":{"line":19,"column":15},"end":{"line":19,"column":20}},{"start":{"line":19,"column":15},"end":{"line":19,"column":19}}]},"6":{"loc":{"start":{"line":22,"column":15},"end":{"line":22,"column":20}},"type":"cond-expr","locations":[{"start":{"line":22,"column":19},"end":{"line":22,"column":20}},{"start":{"line":22,"column":19},"end":{"line":22,"column":20}}]},"7":{"loc":{"start":{"line":22,"column":15},"end":{"line":22,"column":19}},"type":"binary-expr","locations":[{"start":{"line":22,"column":15},"end":{"line":22,"column":20}},{"start":{"line":22,"column":15},"end":{"line":22,"column":19}}]}},"s":{"0":0,"1":0,"2":0,"3":0,"4":0,"5":0,"6":0,"7":0,"8":0},"f":{},"b":{"0":[0,0],"1":[0,0],"2":[0,0],"3":[0,0],"4":[0,0],"5":[0,0],"6":[0,0],"7":[0,0]}}
,"C:\\Users\\anind\\Projects\\milestone-4-fix\\src\\account\\entities\\account.entity.ts": {"path":"C:\\Users\\anind\\Projects\\milestone-4-fix\\src\\account\\entities\\account.entity.ts","statementMap":{"0":{"start":{"line":1,"column":0},"end":{"line":1,"column":13}}},"fnMap":{},"branchMap":{},"s":{"0":0},"f":{},"b":{}}
,"C:\\Users\\anind\\Projects\\milestone-4-fix\\src\\admin\\admin.controller.ts": {"path":"C:\\Users\\anind\\Projects\\milestone-4-fix\\src\\admin\\admin.controller.ts","statementMap":{"0":{"start":{"line":1,"column":0},"end":{"line":1,"column":60}},"1":{"start":{"line":2,"column":0},"end":{"line":2,"column":47}},"2":{"start":{"line":3,"column":0},"end":{"line":3,"column":61}},"3":{"start":{"line":4,"column":0},"end":{"line":4,"column":49}},"4":{"start":{"line":5,"column":0},"end":{"line":5,"column":50}},"5":{"start":{"line":6,"column":0},"end":{"line":6,"column":38}},"6":{"start":{"line":11,"column":7},"end":{"line":23,"column":null}},"7":{"start":{"line":12,"column":31},"end":{"line":12,"column":45}},"8":{"start":{"line":16,"column":4},"end":{"line":16,"column":43}},"9":{"start":{"line":21,"column":4},"end":{"line":21,"column":50}},"10":{"start":{"line":11,"column":13},"end":{"line":11,"column":28}},"11":{"start":{"line":15,"column":2},"end":{"line":17,"column":null}},"12":{"start":{"line":20,"column":2},"end":{"line":22,"column":null}},"13":{"start":{"line":11,"column":13},"end":{"line":23,"column":null}}},"fnMap":{"0":{"name":"(anonymous_2)","decl":{"start":{"line":12,"column":2},"end":{"line":12,"column":31}},"loc":{"start":{"line":12,"column":57},"end":{"line":12,"column":61}}},"1":{"name":"(anonymous_3)","decl":{"start":{"line":15,"column":2},"end":{"line":15,"column":13}},"loc":{"start":{"line":15,"column":13},"end":{"line":17,"column":3}}},"2":{"name":"(anonymous_4)","decl":{"start":{"line":20,"column":2},"end":{"line":20,"column":20}},"loc":{"start":{"line":20,"column":20},"end":{"line":22,"column":3}}}},"branchMap":{"0":{"loc":{"start":{"line":12,"column":45},"end":{"line":12,"column":60}},"type":"cond-expr","locations":[{"start":{"line":12,"column":57},"end":{"line":12,"column":60}},{"start":{"line":12,"column":57},"end":{"line":12,"column":60}}]},"1":{"loc":{"start":{"line":12,"column":45},"end":{"line":12,"column":57}},"type":"binary-expr","locations":[{"start":{"line":12,"column":45},"end":{"line":12,"column":60}},{"start":{"line":12,"column":45},"end":{"line":12,"column":57}}]}},"s":{"0":0,"1":0,"2":0,"3":0,"4":0,"5":0,"6":0,"7":0,"8":0,"9":0,"10":0,"11":0,"12":0,"13":0},"f":{"0":0,"1":0,"2":0},"b":{"0":[0,0],"1":[0,0]}}
,"C:\\Users\\anind\\Projects\\milestone-4-fix\\src\\admin\\admin.module.ts": {"path":"C:\\Users\\anind\\Projects\\milestone-4-fix\\src\\admin\\admin.module.ts","statementMap":{"0":{"start":{"line":1,"column":0},"end":{"line":1,"column":40}},"1":{"start":{"line":2,"column":0},"end":{"line":2,"column":47}},"2":{"start":{"line":3,"column":0},"end":{"line":3,"column":53}},"3":{"start":{"line":9,"column":7},"end":{"line":9,"column":null}},"4":{"start":{"line":9,"column":13},"end":{"line":9,"column":24}},"5":{"start":{"line":9,"column":13},"end":{"line":9,"column":null}}},"fnMap":{},"branchMap":{},"s":{"0":0,"1":0,"2":0,"3":0,"4":0,"5":0},"f":{},"b":{}}
,"C:\\Users\\anind\\Projects\\milestone-4-fix\\src\\admin\\admin.service.ts": {"path":"C:\\Users\\anind\\Projects\\milestone-4-fix\\src\\admin\\admin.service.ts","statementMap":{"0":{"start":{"line":1,"column":0},"end":{"line":1,"column":44}},"1":{"start":{"line":2,"column":0},"end":{"line":2,"column":58}},"2":{"start":{"line":5,"column":7},"end":{"line":20,"column":null}},"3":{"start":{"line":6,"column":22},"end":{"line":6,"column":30}},"4":{"start":{"line":9,"column":4},"end":{"line":9,"column":39}},"5":{"start":{"line":13,"column":4},"end":{"line":18,"column":7}},"6":{"start":{"line":5,"column":13},"end":{"line":5,"column":25}},"7":{"start":{"line":5,"column":13},"end":{"line":20,"column":null}}},"fnMap":{"0":{"name":"(anonymous_2)","decl":{"start":{"line":6,"column":2},"end":{"line":6,"column":22}},"loc":{"start":{"line":6,"column":43},"end":{"line":6,"column":47}}},"1":{"name":"(anonymous_3)","decl":{"start":{"line":8,"column":2},"end":{"line":8,"column":13}},"loc":{"start":{"line":8,"column":13},"end":{"line":10,"column":3}}},"2":{"name":"(anonymous_4)","decl":{"start":{"line":12,"column":2},"end":{"line":12,"column":20}},"loc":{"start":{"line":12,"column":20},"end":{"line":19,"column":3}}}},"branchMap":{"0":{"loc":{"start":{"line":6,"column":30},"end":{"line":6,"column":46}},"type":"cond-expr","locations":[{"start":{"line":6,"column":43},"end":{"line":6,"column":46}},{"start":{"line":6,"column":43},"end":{"line":6,"column":46}}]},"1":{"loc":{"start":{"line":6,"column":30},"end":{"line":6,"column":43}},"type":"binary-expr","locations":[{"start":{"line":6,"column":30},"end":{"line":6,"column":46}},{"start":{"line":6,"column":30},"end":{"line":6,"column":43}}]}},"s":{"0":0,"1":0,"2":0,"3":0,"4":0,"5":0,"6":0,"7":0},"f":{"0":0,"1":0,"2":0},"b":{"0":[0,0],"1":[0,0]}}
,"C:\\Users\\anind\\Projects\\milestone-4-fix\\src\\auth\\auth.controller.ts": {"path":"C:\\Users\\anind\\Projects\\milestone-4-fix\\src\\auth\\auth.controller.ts","statementMap":{"0":{"start":{"line":1,"column":0},"end":{"line":1,"column":66}},"1":{"start":{"line":2,"column":0},"end":{"line":2,"column":45}},"2":{"start":{"line":3,"column":0},"end":{"line":3,"column":49}},"3":{"start":{"line":4,"column":0},"end":{"line":4,"column":43}},"4":{"start":{"line":5,"column":0},"end":{"line":5,"column":147}},"5":{"start":{"line":6,"column":0},"end":{"line":6,"column":80}},"6":{"start":{"line":10,"column":7},"end":{"line":121,"column":null}},"7":{"start":{"line":11,"column":31},"end":{"line":11,"column":44}},"8":{"start":{"line":61,"column":4},"end":{"line":61,"column":42}},"9":{"start":{"line":119,"column":4},"end":{"line":119,"column":39}},"10":{"start":{"line":10,"column":13},"end":{"line":10,"column":27}},"11":{"start":{"line":60,"column":2},"end":{"line":62,"column":null}},"12":{"start":{"line":118,"column":2},"end":{"line":120,"column":null}},"13":{"start":{"line":10,"column":13},"end":{"line":121,"column":null}}},"fnMap":{"0":{"name":"(anonymous_4)","decl":{"start":{"line":11,"column":2},"end":{"line":11,"column":31}},"loc":{"start":{"line":11,"column":55},"end":{"line":11,"column":59}}},"1":{"name":"(anonymous_5)","decl":{"start":{"line":60,"column":2},"end":{"line":60,"column":10}},"loc":{"start":{"line":60,"column":35},"end":{"line":62,"column":3}}},"2":{"name":"(anonymous_6)","decl":{"start":{"line":118,"column":2},"end":{"line":118,"column":7}},"loc":{"start":{"line":118,"column":29},"end":{"line":120,"column":3}}}},"branchMap":{"0":{"loc":{"start":{"line":60,"column":24},"end":{"line":60,"column":38}},"type":"cond-expr","locations":[{"start":{"line":60,"column":35},"end":{"line":60,"column":38}},{"start":{"line":60,"column":35},"end":{"line":60,"column":38}}]},"1":{"loc":{"start":{"line":60,"column":24},"end":{"line":60,"column":35}},"type":"binary-expr","locations":[{"start":{"line":60,"column":24},"end":{"line":60,"column":38}},{"start":{"line":60,"column":24},"end":{"line":60,"column":35}}]},"2":{"loc":{"start":{"line":60,"column":38},"end":{"line":60,"column":null}},"type":"cond-expr","locations":[{"start":{"line":60,"column":45},"end":{"line":60,"column":null}},{"start":{"line":60,"column":45},"end":{"line":60,"column":null}}]},"3":{"loc":{"start":{"line":60,"column":38},"end":{"line":60,"column":45}},"type":"binary-expr","locations":[{"start":{"line":60,"column":38},"end":{"line":60,"column":null}},{"start":{"line":60,"column":38},"end":{"line":60,"column":45}}]},"4":{"loc":{"start":{"line":118,"column":21},"end":{"line":118,"column":32}},"type":"cond-expr","locations":[{"start":{"line":118,"column":29},"end":{"line":118,"column":32}},{"start":{"line":118,"column":29},"end":{"line":118,"column":32}}]},"5":{"loc":{"start":{"line":118,"column":21},"end":{"line":118,"column":29}},"type":"binary-expr","locations":[{"start":{"line":118,"column":21},"end":{"line":118,"column":32}},{"start":{"line":118,"column":21},"end":{"line":118,"column":29}}]},"6":{"loc":{"start":{"line":118,"column":32},"end":{"line":118,"column":null}},"type":"cond-expr","locations":[{"start":{"line":118,"column":39},"end":{"line":118,"column":null}},{"start":{"line":118,"column":39},"end":{"line":118,"column":null}}]},"7":{"loc":{"start":{"line":118,"column":32},"end":{"line":118,"column":39}},"type":"binary-expr","locations":[{"start":{"line":118,"column":32},"end":{"line":118,"column":null}},{"start":{"line":118,"column":32},"end":{"line":118,"column":39}}]},"8":{"loc":{"start":{"line":11,"column":44},"end":{"line":11,"column":58}},"type":"cond-expr","locations":[{"start":{"line":11,"column":55},"end":{"line":11,"column":58}},{"start":{"line":11,"column":55},"end":{"line":11,"column":58}}]},"9":{"loc":{"start":{"line":11,"column":44},"end":{"line":11,"column":55}},"type":"binary-expr","locations":[{"start":{"line":11,"column":44},"end":{"line":11,"column":58}},{"start":{"line":11,"column":44},"end":{"line":11,"column":55}}]}},"s":{"0":0,"1":0,"2":0,"3":0,"4":0,"5":0,"6":0,"7":0,"8":0,"9":0,"10":0,"11":0,"12":0,"13":0},"f":{"0":0,"1":0,"2":0},"b":{"0":[0,0],"1":[0,0],"2":[0,0],"3":[0,0],"4":[0,0],"5":[0,0],"6":[0,0],"7":[0,0],"8":[0,0],"9":[0,0]}}
,"C:\\Users\\anind\\Projects\\milestone-4-fix\\src\\auth\\auth.module.ts": {"path":"C:\\Users\\anind\\Projects\\milestone-4-fix\\src\\auth\\auth.module.ts","statementMap":{"0":{"start":{"line":1,"column":0},"end":{"line":1,"column":40}},"1":{"start":{"line":2,"column":0},"end":{"line":2,"column":45}},"2":{"start":{"line":3,"column":0},"end":{"line":3,"column":51}},"3":{"start":{"line":4,"column":0},"end":{"line":4,"column":58}},"4":{"start":{"line":5,"column":0},"end":{"line":5,"column":40}},"5":{"start":{"line":6,"column":0},"end":{"line":6,"column":50}},"6":{"start":{"line":7,"column":0},"end":{"line":7,"column":54}},"7":{"start":{"line":20,"column":7},"end":{"line":20,"column":null}},"8":{"start":{"line":20,"column":13},"end":{"line":20,"column":23}},"9":{"start":{"line":20,"column":13},"end":{"line":20,"column":null}}},"fnMap":{},"branchMap":{"0":{"loc":{"start":{"line":13,"column":14},"end":{"line":13,"column":48}},"type":"binary-expr","locations":[{"start":{"line":13,"column":14},"end":{"line":13,"column":36}},{"start":{"line":13,"column":40},"end":{"line":13,"column":48}}]}},"s":{"0":0,"1":0,"2":0,"3":0,"4":0,"5":0,"6":0,"7":0,"8":0,"9":0},"f":{},"b":{"0":[0,0]}}
,"C:\\Users\\anind\\Projects\\milestone-4-fix\\src\\auth\\auth.service.ts": {"path":"C:\\Users\\anind\\Projects\\milestone-4-fix\\src\\auth\\auth.service.ts","statementMap":{"0":{"start":{"line":1,"column":0},"end":{"line":1,"column":88}},"1":{"start":{"line":4,"column":0},"end":{"line":4,"column":58}},"2":{"start":{"line":5,"column":0},"end":{"line":5,"column":33}},"3":{"start":{"line":6,"column":0},"end":{"line":6,"column":41}},"4":{"start":{"line":9,"column":7},"end":{"line":64,"column":null}},"5":{"start":{"line":11,"column":12},"end":{"line":11,"column":20}},"6":{"start":{"line":12,"column":12},"end":{"line":12,"column":24}},"7":{"start":{"line":17,"column":21},"end":{"line":19,"column":6}},"8":{"start":{"line":21,"column":4},"end":{"line":23,"column":5}},"9":{"start":{"line":22,"column":8},"end":{"line":22,"column":67}},"10":{"start":{"line":25,"column":27},"end":{"line":25,"column":62}},"11":{"start":{"line":27,"column":17},"end":{"line":33,"column":6}},"12":{"start":{"line":35,"column":38},"end":{"line":35,"column":42}},"13":{"start":{"line":36,"column":4},"end":{"line":36,"column":20}},"14":{"start":{"line":41,"column":17},"end":{"line":43,"column":6}},"15":{"start":{"line":45,"column":4},"end":{"line":45,"column":70}},"16":{"start":{"line":45,"column":15},"end":{"line":45,"column":70}},"17":{"start":{"line":47,"column":20},"end":{"line":47,"column":69}},"18":{"start":{"line":48,"column":4},"end":{"line":50,"column":5}},"19":{"start":{"line":49,"column":6},"end":{"line":49,"column":61}},"20":{"start":{"line":52,"column":20},"end":{"line":52,"column":53}},"21":{"start":{"line":54,"column":4},"end":{"line":62,"column":6}},"22":{"start":{"line":9,"column":13},"end":{"line":9,"column":24}},"23":{"start":{"line":9,"column":13},"end":{"line":64,"column":null}}},"fnMap":{"0":{"name":"(anonymous_11)","decl":{"start":{"line":10,"column":2},"end":{"line":10,"column":null}},"loc":{"start":{"line":12,"column":34},"end":{"line":13,"column":6}}},"1":{"name":"(anonymous_12)","decl":{"start":{"line":16,"column":2},"end":{"line":16,"column":7}},"loc":{"start":{"line":16,"column":33},"end":{"line":37,"column":3}}},"2":{"name":"(anonymous_13)","decl":{"start":{"line":40,"column":2},"end":{"line":40,"column":7}},"loc":{"start":{"line":40,"column":27},"end":{"line":63,"column":3}}}},"branchMap":{"0":{"loc":{"start":{"line":21,"column":4},"end":{"line":23,"column":5}},"type":"if","locations":[{"start":{"line":21,"column":4},"end":{"line":23,"column":5}},{"start":{},"end":{}}]},"1":{"loc":{"start":{"line":45,"column":4},"end":{"line":45,"column":70}},"type":"if","locations":[{"start":{"line":45,"column":4},"end":{"line":45,"column":70}},{"start":{},"end":{}}]},"2":{"loc":{"start":{"line":48,"column":4},"end":{"line":50,"column":5}},"type":"if","locations":[{"start":{"line":48,"column":4},"end":{"line":50,"column":5}},{"start":{},"end":{}}]},"3":{"loc":{"start":{"line":11,"column":20},"end":{"line":11,"column":null}},"type":"cond-expr","locations":[{"start":{"line":11,"column":33},"end":{"line":11,"column":null}},{"start":{"line":11,"column":33},"end":{"line":11,"column":null}}]},"4":{"loc":{"start":{"line":11,"column":20},"end":{"line":11,"column":33}},"type":"binary-expr","locations":[{"start":{"line":11,"column":20},"end":{"line":11,"column":null}},{"start":{"line":11,"column":20},"end":{"line":11,"column":33}}]},"5":{"loc":{"start":{"line":11,"column":33},"end":{"line":12,"column":null}},"type":"cond-expr","locations":[{"start":{"line":12,"column":34},"end":{"line":12,"column":null}},{"start":{"line":12,"column":34},"end":{"line":12,"column":null}}]},"6":{"loc":{"start":{"line":11,"column":33},"end":{"line":12,"column":34}},"type":"binary-expr","locations":[{"start":{"line":11,"column":33},"end":{"line":12,"column":null}},{"start":{"line":12,"column":24},"end":{"line":12,"column":34}}]}},"s":{"0":0,"1":0,"2":0,"3":0,"4":0,"5":0,"6":0,"7":0,"8":0,"9":0,"10":0,"11":0,"12":0,"13":0,"14":0,"15":0,"16":0,"17":0,"18":0,"19":0,"20":0,"21":0,"22":0,"23":0},"f":{"0":0,"1":0,"2":0},"b":{"0":[0,0],"1":[0,0],"2":[0,0],"3":[0,0],"4":[0,0],"5":[0,0],"6":[0,0]}}
,"C:\\Users\\anind\\Projects\\milestone-4-fix\\src\\auth\\roles.decorator.ts": {"path":"C:\\Users\\anind\\Projects\\milestone-4-fix\\src\\auth\\roles.decorator.ts","statementMap":{"0":{"start":{"line":1,"column":0},"end":{"line":1,"column":45}},"1":{"start":{"line":4,"column":13},"end":{"line":4,"column":33}},"2":{"start":{"line":5,"column":21},"end":{"line":5,"column":72}},"3":{"start":{"line":5,"column":43},"end":{"line":5,"column":72}},"4":{"start":{"line":5,"column":13},"end":{"line":5,"column":21}}},"fnMap":{"0":{"name":"(anonymous_0)","decl":{"start":{"line":5,"column":21},"end":{"line":5,"column":22}},"loc":{"start":{"line":5,"column":43},"end":{"line":5,"column":72}}}},"branchMap":{},"s":{"0":0,"1":0,"2":0,"3":0,"4":0},"f":{"0":0},"b":{}}
,"C:\\Users\\anind\\Projects\\milestone-4-fix\\src\\auth\\roles.guard.ts": {"path":"C:\\Users\\anind\\Projects\\milestone-4-fix\\src\\auth\\roles.guard.ts","statementMap":{"0":{"start":{"line":1,"column":0},"end":{"line":1,"column":75}},"1":{"start":{"line":2,"column":0},"end":{"line":2,"column":41}},"2":{"start":{"line":3,"column":0},"end":{"line":3,"column":46}},"3":{"start":{"line":7,"column":7},"end":{"line":20,"column":null}},"4":{"start":{"line":8,"column":24},"end":{"line":8,"column":35}},"5":{"start":{"line":11,"column":30},"end":{"line":14,"column":10}},"6":{"start":{"line":15,"column":8},"end":{"line":15,"column":40}},"7":{"start":{"line":15,"column":28},"end":{"line":15,"column":40}},"8":{"start":{"line":17,"column":25},"end":{"line":17,"column":60}},"9":{"start":{"line":18,"column":8},"end":{"line":18,"column":49}},"10":{"start":{"line":7,"column":13},"end":{"line":7,"column":23}},"11":{"start":{"line":7,"column":13},"end":{"line":20,"column":null}}},"fnMap":{"0":{"name":"(anonymous_2)","decl":{"start":{"line":8,"column":4},"end":{"line":8,"column":24}},"loc":{"start":{"line":8,"column":44},"end":{"line":8,"column":48}}},"1":{"name":"(anonymous_3)","decl":{"start":{"line":10,"column":4},"end":{"line":10,"column":15}},"loc":{"start":{"line":10,"column":41},"end":{"line":19,"column":5}}}},"branchMap":{"0":{"loc":{"start":{"line":15,"column":8},"end":{"line":15,"column":40}},"type":"if","locations":[{"start":{"line":15,"column":8},"end":{"line":15,"column":40}},{"start":{},"end":{}}]},"1":{"loc":{"start":{"line":8,"column":35},"end":{"line":8,"column":47}},"type":"cond-expr","locations":[{"start":{"line":8,"column":44},"end":{"line":8,"column":47}},{"start":{"line":8,"column":44},"end":{"line":8,"column":47}}]},"2":{"loc":{"start":{"line":8,"column":35},"end":{"line":8,"column":44}},"type":"binary-expr","locations":[{"start":{"line":8,"column":35},"end":{"line":8,"column":47}},{"start":{"line":8,"column":35},"end":{"line":8,"column":44}}]}},"s":{"0":0,"1":0,"2":0,"3":0,"4":0,"5":0,"6":0,"7":0,"8":0,"9":0,"10":0,"11":0},"f":{"0":0,"1":0},"b":{"0":[0,0],"1":[0,0],"2":[0,0]}}
,"C:\\Users\\anind\\Projects\\milestone-4-fix\\src\\auth\\dto\\auth-response.dto.ts": {"path":"C:\\Users\\anind\\Projects\\milestone-4-fix\\src\\auth\\dto\\auth-response.dto.ts","statementMap":{"0":{"start":{"line":1,"column":0},"end":{"line":1,"column":46}},"1":{"start":{"line":4,"column":0},"end":{"line":4,"column":13}},"2":{"start":{"line":6,"column":4},"end":{"line":6,"column":null}},"3":{"start":{"line":9,"column":4},"end":{"line":9,"column":null}},"4":{"start":{"line":12,"column":4},"end":{"line":12,"column":null}},"5":{"start":{"line":15,"column":4},"end":{"line":15,"column":null}},"6":{"start":{"line":19,"column":0},"end":{"line":19,"column":13}},"7":{"start":{"line":21,"column":4},"end":{"line":21,"column":null}},"8":{"start":{"line":25,"column":0},"end":{"line":25,"column":13}},"9":{"start":{"line":27,"column":4},"end":{"line":27,"column":null}},"10":{"start":{"line":30,"column":4},"end":{"line":30,"column":null}},"11":{"start":{"line":29,"column":78},"end":{"line":29,"column":89}}},"fnMap":{"0":{"name":"(anonymous_2)","decl":{"start":{"line":29,"column":72},"end":{"line":29,"column":75}},"loc":{"start":{"line":29,"column":78},"end":{"line":29,"column":89}}}},"branchMap":{"0":{"loc":{"start":{"line":21,"column":15},"end":{"line":21,"column":20}},"type":"cond-expr","locations":[{"start":{"line":21,"column":19},"end":{"line":21,"column":20}},{"start":{"line":21,"column":19},"end":{"line":21,"column":20}}]},"1":{"loc":{"start":{"line":21,"column":15},"end":{"line":21,"column":19}},"type":"binary-expr","locations":[{"start":{"line":21,"column":15},"end":{"line":21,"column":20}},{"start":{"line":21,"column":15},"end":{"line":21,"column":19}}]}},"s":{"0":0,"1":0,"2":0,"3":0,"4":0,"5":0,"6":0,"7":0,"8":0,"9":0,"10":0,"11":0},"f":{"0":0},"b":{"0":[0,0],"1":[0,0]}}
,"C:\\Users\\anind\\Projects\\milestone-4-fix\\src\\auth\\dto\\login.dto.ts": {"path":"C:\\Users\\anind\\Projects\\milestone-4-fix\\src\\auth\\dto\\login.dto.ts","statementMap":{"0":{"start":{"line":1,"column":0},"end":{"line":1,"column":46}},"1":{"start":{"line":2,"column":0},"end":{"line":2,"column":64}},"2":{"start":{"line":4,"column":0},"end":{"line":4,"column":13}},"3":{"start":{"line":11,"column":4},"end":{"line":11,"column":null}},"4":{"start":{"line":20,"column":4},"end":{"line":20,"column":null}}},"fnMap":{},"branchMap":{},"s":{"0":0,"1":0,"2":0,"3":0,"4":0},"f":{},"b":{}}
,"C:\\Users\\anind\\Projects\\milestone-4-fix\\src\\auth\\dto\\register.dto.ts": {"path":"C:\\Users\\anind\\Projects\\milestone-4-fix\\src\\auth\\dto\\register.dto.ts","statementMap":{"0":{"start":{"line":1,"column":0},"end":{"line":1,"column":46}},"1":{"start":{"line":2,"column":0},"end":{"line":2,"column":95}},"2":{"start":{"line":4,"column":0},"end":{"line":4,"column":13}},"3":{"start":{"line":11,"column":4},"end":{"line":11,"column":null}},"4":{"start":{"line":24,"column":4},"end":{"line":24,"column":null}},"5":{"start":{"line":35,"column":4},"end":{"line":35,"column":null}}},"fnMap":{},"branchMap":{},"s":{"0":0,"1":0,"2":0,"3":0,"4":0,"5":0},"f":{},"b":{}}
,"C:\\Users\\anind\\Projects\\milestone-4-fix\\src\\auth\\guard\\jwt-auth.guard.ts": {"path":"C:\\Users\\anind\\Projects\\milestone-4-fix\\src\\auth\\guard\\jwt-auth.guard.ts","statementMap":{"0":{"start":{"line":1,"column":0},"end":{"line":1,"column":44}},"1":{"start":{"line":2,"column":0},"end":{"line":2,"column":45}},"2":{"start":{"line":5,"column":7},"end":{"line":5,"column":null}},"3":{"start":{"line":5,"column":13},"end":{"line":5,"column":25}},"4":{"start":{"line":5,"column":13},"end":{"line":5,"column":null}}},"fnMap":{},"branchMap":{},"s":{"0":0,"1":0,"2":0,"3":0,"4":0},"f":{},"b":{}}
,"C:\\Users\\anind\\Projects\\milestone-4-fix\\src\\auth\\strategy\\jwt.strategy.ts": {"path":"C:\\Users\\anind\\Projects\\milestone-4-fix\\src\\auth\\strategy\\jwt.strategy.ts","statementMap":{"0":{"start":{"line":1,"column":0},"end":{"line":1,"column":44}},"1":{"start":{"line":2,"column":0},"end":{"line":2,"column":52}},"2":{"start":{"line":3,"column":0},"end":{"line":3,"column":52}},"3":{"start":{"line":6,"column":7},"end":{"line":18,"column":null}},"4":{"start":{"line":8,"column":8},"end":{"line":12,"column":11}},"5":{"start":{"line":16,"column":8},"end":{"line":16,"column":81}},"6":{"start":{"line":6,"column":13},"end":{"line":6,"column":24}},"7":{"start":{"line":6,"column":13},"end":{"line":18,"column":null}}},"fnMap":{"0":{"name":"(anonymous_2)","decl":{"start":{"line":7,"column":4},"end":{"line":7,"column":null}},"loc":{"start":{"line":7,"column":4},"end":{"line":13,"column":5}}},"1":{"name":"(anonymous_3)","decl":{"start":{"line":15,"column":4},"end":{"line":15,"column":9}},"loc":{"start":{"line":15,"column":30},"end":{"line":17,"column":5}}}},"branchMap":{"0":{"loc":{"start":{"line":11,"column":25},"end":{"line":11,"column":59}},"type":"binary-expr","locations":[{"start":{"line":11,"column":25},"end":{"line":11,"column":47}},{"start":{"line":11,"column":51},"end":{"line":11,"column":59}}]}},"s":{"0":0,"1":0,"2":0,"3":0,"4":0,"5":0,"6":0,"7":0},"f":{"0":0,"1":0},"b":{"0":[0,0]}}
,"C:\\Users\\anind\\Projects\\milestone-4-fix\\src\\prisma\\prisma.module.ts": {"path":"C:\\Users\\anind\\Projects\\milestone-4-fix\\src\\prisma\\prisma.module.ts","statementMap":{"0":{"start":{"line":1,"column":0},"end":{"line":1,"column":48}},"1":{"start":{"line":2,"column":0},"end":{"line":2,"column":49}},"2":{"start":{"line":9,"column":7},"end":{"line":9,"column":null}},"3":{"start":{"line":9,"column":13},"end":{"line":9,"column":25}},"4":{"start":{"line":9,"column":13},"end":{"line":9,"column":null}}},"fnMap":{},"branchMap":{},"s":{"0":0,"1":0,"2":0,"3":0,"4":0},"f":{},"b":{}}
,"C:\\Users\\anind\\Projects\\milestone-4-fix\\src\\prisma\\prisma.service.ts": {"path":"C:\\Users\\anind\\Projects\\milestone-4-fix\\src\\prisma\\prisma.service.ts","statementMap":{"0":{"start":{"line":1,"column":0},"end":{"line":1,"column":58}},"1":{"start":{"line":2,"column":0},"end":{"line":2,"column":46}},"2":{"start":{"line":5,"column":7},"end":{"line":17,"column":null}},"3":{"start":{"line":7,"column":8},"end":{"line":11,"column":9}},"4":{"start":{"line":8,"column":12},"end":{"line":8,"column":34}},"5":{"start":{"line":10,"column":12},"end":{"line":10,"column":59}},"6":{"start":{"line":5,"column":13},"end":{"line":5,"column":26}},"7":{"start":{"line":5,"column":13},"end":{"line":17,"column":null}}},"fnMap":{"0":{"name":"(anonymous_1)","decl":{"start":{"line":6,"column":4},"end":{"line":6,"column":9}},"loc":{"start":{"line":6,"column":22},"end":{"line":12,"column":5}}}},"branchMap":{},"s":{"0":2,"1":2,"2":2,"3":0,"4":0,"5":0,"6":2,"7":2},"f":{"0":0},"b":{}}
,"C:\\Users\\anind\\Projects\\milestone-4-fix\\src\\prisma\\seed.ts": {"path":"C:\\Users\\anind\\Projects\\milestone-4-fix\\src\\prisma\\seed.ts","statementMap":{"0":{"start":{"line":1,"column":0},"end":{"line":1,"column":52}},"1":{"start":{"line":2,"column":0},"end":{"line":2,"column":33}},"2":{"start":{"line":4,"column":15},"end":{"line":4,"column":33}},"3":{"start":{"line":7,"column":27},"end":{"line":7,"column":60}},"4":{"start":{"line":9,"column":4},"end":{"line":18,"column":7}},"5":{"start":{"line":20,"column":4},"end":{"line":20,"column":34}},"6":{"start":{"line":23,"column":0},"end":{"line":25,"column":53}},"7":{"start":{"line":24,"column":16},"end":{"line":24,"column":32}},"8":{"start":{"line":25,"column":25},"end":{"line":25,"column":51}}},"fnMap":{"0":{"name":"main","decl":{"start":{"line":6,"column":15},"end":{"line":6,"column":19}},"loc":{"start":{"line":6,"column":19},"end":{"line":21,"column":1}}},"1":{"name":"(anonymous_10)","decl":{"start":{"line":24,"column":11},"end":{"line":24,"column":12}},"loc":{"start":{"line":24,"column":16},"end":{"line":24,"column":32}}},"2":{"name":"(anonymous_11)","decl":{"start":{"line":25,"column":13},"end":{"line":25,"column":18}},"loc":{"start":{"line":25,"column":25},"end":{"line":25,"column":51}}}},"branchMap":{},"s":{"0":0,"1":0,"2":0,"3":0,"4":0,"5":0,"6":0,"7":0,"8":0},"f":{"0":0,"1":0,"2":0},"b":{}}
,"C:\\Users\\anind\\Projects\\milestone-4-fix\\src\\test\\app.e2e-spec.ts": {"path":"C:\\Users\\anind\\Projects\\milestone-4-fix\\src\\test\\app.e2e-spec.ts","statementMap":{"0":{"start":{"line":1,"column":0},"end":{"line":1,"column":54}},"1":{"start":{"line":3,"column":0},"end":{"line":3,"column":32}},"2":{"start":{"line":5,"column":0},"end":{"line":5,"column":42}},"3":{"start":{"line":7,"column":0},"end":{"line":25,"column":3}},"4":{"start":{"line":10,"column":2},"end":{"line":17,"column":5}},"5":{"start":{"line":11,"column":41},"end":{"line":13,"column":16}},"6":{"start":{"line":15,"column":4},"end":{"line":15,"column":48}},"7":{"start":{"line":16,"column":4},"end":{"line":16,"column":21}},"8":{"start":{"line":19,"column":2},"end":{"line":24,"column":5}},"9":{"start":{"line":20,"column":4},"end":{"line":23,"column":30}}},"fnMap":{"0":{"name":"(anonymous_1)","decl":{"start":{"line":7,"column":32},"end":{"line":7,"column":35}},"loc":{"start":{"line":7,"column":37},"end":{"line":25,"column":1}}},"1":{"name":"(anonymous_2)","decl":{"start":{"line":10,"column":13},"end":{"line":10,"column":18}},"loc":{"start":{"line":10,"column":24},"end":{"line":17,"column":3}}},"2":{"name":"(anonymous_3)","decl":{"start":{"line":19,"column":16},"end":{"line":19,"column":19}},"loc":{"start":{"line":19,"column":21},"end":{"line":24,"column":3}}}},"branchMap":{},"s":{"0":0,"1":0,"2":0,"3":0,"4":0,"5":0,"6":0,"7":0,"8":0,"9":0},"f":{"0":0,"1":0,"2":0},"b":{}}
,"C:\\Users\\anind\\Projects\\milestone-4-fix\\src\\test\\auth.e2e-spec.ts": {"path":"C:\\Users\\anind\\Projects\\milestone-4-fix\\src\\test\\auth.e2e-spec.ts","statementMap":{"0":{"start":{"line":1,"column":0},"end":{"line":1,"column":38}},"1":{"start":{"line":3,"column":0},"end":{"line":3,"column":39}},"2":{"start":{"line":4,"column":0},"end":{"line":4,"column":42}},"3":{"start":{"line":6,"column":0},"end":{"line":63,"column":3}},"4":{"start":{"line":9,"column":4},"end":{"line":16,"column":null}},"5":{"start":{"line":10,"column":26},"end":{"line":12,"column":20}},"6":{"start":{"line":14,"column":8},"end":{"line":14,"column":48}},"7":{"start":{"line":15,"column":8},"end":{"line":15,"column":25}},"8":{"start":{"line":18,"column":4},"end":{"line":34,"column":7}},"9":{"start":{"line":19,"column":22},"end":{"line":19,"column":51}},"10":{"start":{"line":20,"column":25},"end":{"line":20,"column":45}},"11":{"start":{"line":21,"column":21},"end":{"line":21,"column":41}},"12":{"start":{"line":23,"column":20},"end":{"line":29,"column":14}},"13":{"start":{"line":31,"column":8},"end":{"line":31,"column":37}},"14":{"start":{"line":33,"column":8},"end":{"line":33,"column":30}},"15":{"start":{"line":36,"column":4},"end":{"line":58,"column":null}},"16":{"start":{"line":37,"column":22},"end":{"line":37,"column":51}},"17":{"start":{"line":38,"column":25},"end":{"line":38,"column":45}},"18":{"start":{"line":39,"column":21},"end":{"line":39,"column":41}},"19":{"start":{"line":41,"column":8},"end":{"line":47,"column":15}},"20":{"start":{"line":49,"column":20},"end":{"line":54,"column":14}},"21":{"start":{"line":56,"column":12},"end":{"line":56,"column":41}},"22":{"start":{"line":57,"column":12},"end":{"line":57,"column":56}},"23":{"start":{"line":60,"column":4},"end":{"line":62,"column":7}},"24":{"start":{"line":61,"column":8},"end":{"line":61,"column":26}}},"fnMap":{"0":{"name":"(anonymous_0)","decl":{"start":{"line":6,"column":23},"end":{"line":6,"column":26}},"loc":{"start":{"line":6,"column":28},"end":{"line":63,"column":1}}},"1":{"name":"(anonymous_1)","decl":{"start":{"line":9,"column":14},"end":{"line":9,"column":19}},"loc":{"start":{"line":9,"column":25},"end":{"line":16,"column":5}}},"2":{"name":"(anonymous_2)","decl":{"start":{"line":18,"column":40},"end":{"line":18,"column":45}},"loc":{"start":{"line":18,"column":50},"end":{"line":34,"column":5}}},"3":{"name":"(anonymous_3)","decl":{"start":{"line":36,"column":37},"end":{"line":36,"column":42}},"loc":{"start":{"line":36,"column":47},"end":{"line":58,"column":5}}},"4":{"name":"(anonymous_4)","decl":{"start":{"line":60,"column":13},"end":{"line":60,"column":18}},"loc":{"start":{"line":60,"column":23},"end":{"line":62,"column":5}}}},"branchMap":{},"s":{"0":0,"1":0,"2":0,"3":0,"4":0,"5":0,"6":0,"7":0,"8":0,"9":0,"10":0,"11":0,"12":0,"13":0,"14":0,"15":0,"16":0,"17":0,"18":0,"19":0,"20":0,"21":0,"22":0,"23":0,"24":0},"f":{"0":0,"1":0,"2":0,"3":0,"4":0},"b":{}}
,"C:\\Users\\anind\\Projects\\milestone-4-fix\\src\\test\\user.e2e-spec.ts": {"path":"C:\\Users\\anind\\Projects\\milestone-4-fix\\src\\test\\user.e2e-spec.ts","statementMap":{"0":{"start":{"line":1,"column":0},"end":{"line":1,"column":38}},"1":{"start":{"line":2,"column":0},"end":{"line":2,"column":39}},"2":{"start":{"line":4,"column":0},"end":{"line":4,"column":43}},"3":{"start":{"line":6,"column":0},"end":{"line":67,"column":3}},"4":{"start":{"line":10,"column":21},"end":{"line":14,"column":6}},"5":{"start":{"line":16,"column":4},"end":{"line":36,"column":7}},"6":{"start":{"line":17,"column":30},"end":{"line":19,"column":20}},"7":{"start":{"line":21,"column":8},"end":{"line":21,"column":52}},"8":{"start":{"line":22,"column":8},"end":{"line":22,"column":25}},"9":{"start":{"line":24,"column":8},"end":{"line":26,"column":28}},"10":{"start":{"line":28,"column":25},"end":{"line":33,"column":14}},"11":{"start":{"line":35,"column":8},"end":{"line":35,"column":43}},"12":{"start":{"line":38,"column":4},"end":{"line":40,"column":7}},"13":{"start":{"line":39,"column":8},"end":{"line":39,"column":26}},"14":{"start":{"line":42,"column":4},"end":{"line":50,"column":7}},"15":{"start":{"line":43,"column":20},"end":{"line":46,"column":24}},"16":{"start":{"line":48,"column":8},"end":{"line":48,"column":52}},"17":{"start":{"line":49,"column":8},"end":{"line":49,"column":50}},"18":{"start":{"line":52,"column":4},"end":{"line":60,"column":7}},"19":{"start":{"line":53,"column":20},"end":{"line":57,"column":24}},"20":{"start":{"line":59,"column":8},"end":{"line":59,"column":59}},"21":{"start":{"line":62,"column":4},"end":{"line":66,"column":7}},"22":{"start":{"line":63,"column":8},"end":{"line":65,"column":25}}},"fnMap":{"0":{"name":"(anonymous_0)","decl":{"start":{"line":6,"column":23},"end":{"line":6,"column":26}},"loc":{"start":{"line":6,"column":28},"end":{"line":67,"column":1}}},"1":{"name":"(anonymous_1)","decl":{"start":{"line":16,"column":14},"end":{"line":16,"column":19}},"loc":{"start":{"line":16,"column":25},"end":{"line":36,"column":5}}},"2":{"name":"(anonymous_2)","decl":{"start":{"line":38,"column":13},"end":{"line":38,"column":18}},"loc":{"start":{"line":38,"column":24},"end":{"line":40,"column":5}}},"3":{"name":"(anonymous_3)","decl":{"start":{"line":42,"column":25},"end":{"line":42,"column":30}},"loc":{"start":{"line":42,"column":36},"end":{"line":50,"column":5}}},"4":{"name":"(anonymous_4)","decl":{"start":{"line":52,"column":28},"end":{"line":52,"column":33}},"loc":{"start":{"line":52,"column":39},"end":{"line":60,"column":5}}},"5":{"name":"(anonymous_5)","decl":{"start":{"line":62,"column":39},"end":{"line":62,"column":44}},"loc":{"start":{"line":62,"column":50},"end":{"line":66,"column":5}}}},"branchMap":{},"s":{"0":0,"1":0,"2":0,"3":0,"4":0,"5":0,"6":0,"7":0,"8":0,"9":0,"10":0,"11":0,"12":0,"13":0,"14":0,"15":0,"16":0,"17":0,"18":0,"19":0,"20":0,"21":0,"22":0},"f":{"0":0,"1":0,"2":0,"3":0,"4":0,"5":0},"b":{}}
,"C:\\Users\\anind\\Projects\\milestone-4-fix\\src\\transaction\\transaction.controller.ts": {"path":"C:\\Users\\anind\\Projects\\milestone-4-fix\\src\\transaction\\transaction.controller.ts","statementMap":{"0":{"start":{"line":1,"column":0},"end":{"line":1,"column":91}},"1":{"start":{"line":2,"column":0},"end":{"line":2,"column":59}},"2":{"start":{"line":3,"column":0},"end":{"line":3,"column":61}},"3":{"start":{"line":4,"column":0},"end":{"line":4,"column":157}},"4":{"start":{"line":5,"column":0},"end":{"line":5,"column":78}},"5":{"start":{"line":6,"column":0},"end":{"line":6,"column":73}},"6":{"start":{"line":12,"column":7},"end":{"line":192,"column":null}},"7":{"start":{"line":13,"column":31},"end":{"line":13,"column":51}},"8":{"start":{"line":50,"column":4},"end":{"line":50,"column":65}},"9":{"start":{"line":88,"column":4},"end":{"line":88,"column":66}},"10":{"start":{"line":127,"column":4},"end":{"line":127,"column":66}},"11":{"start":{"line":160,"column":4},"end":{"line":160,"column":92}},"12":{"start":{"line":190,"column":4},"end":{"line":190,"column":64}},"13":{"start":{"line":12,"column":13},"end":{"line":12,"column":34}},"14":{"start":{"line":49,"column":2},"end":{"line":51,"column":null}},"15":{"start":{"line":87,"column":2},"end":{"line":89,"column":null}},"16":{"start":{"line":126,"column":2},"end":{"line":128,"column":null}},"17":{"start":{"line":159,"column":2},"end":{"line":161,"column":null}},"18":{"start":{"line":189,"column":2},"end":{"line":191,"column":null}},"19":{"start":{"line":12,"column":13},"end":{"line":192,"column":null}}},"fnMap":{"0":{"name":"(anonymous_4)","decl":{"start":{"line":13,"column":2},"end":{"line":13,"column":31}},"loc":{"start":{"line":13,"column":69},"end":{"line":13,"column":73}}},"1":{"name":"(anonymous_5)","decl":{"start":{"line":49,"column":2},"end":{"line":49,"column":9}},"loc":{"start":{"line":49,"column":45},"end":{"line":51,"column":3}}},"2":{"name":"(anonymous_6)","decl":{"start":{"line":87,"column":2},"end":{"line":87,"column":10}},"loc":{"start":{"line":87,"column":47},"end":{"line":89,"column":3}}},"3":{"name":"(anonymous_7)","decl":{"start":{"line":126,"column":2},"end":{"line":126,"column":10}},"loc":{"start":{"line":126,"column":46},"end":{"line":128,"column":3}}},"4":{"name":"(anonymous_8)","decl":{"start":{"line":159,"column":2},"end":{"line":159,"column":15}},"loc":{"start":{"line":159,"column":131},"end":{"line":161,"column":3}}},"5":{"name":"(anonymous_9)","decl":{"start":{"line":189,"column":2},"end":{"line":189,"column":9}},"loc":{"start":{"line":189,"column":45},"end":{"line":191,"column":3}}}},"branchMap":{"0":{"loc":{"start":{"line":49,"column":35},"end":{"line":49,"column":null}},"type":"cond-expr","locations":[{"start":{"line":49,"column":45},"end":{"line":49,"column":null}},{"start":{"line":49,"column":45},"end":{"line":49,"column":null}}]},"1":{"loc":{"start":{"line":49,"column":35},"end":{"line":49,"column":45}},"type":"binary-expr","locations":[{"start":{"line":49,"column":35},"end":{"line":49,"column":null}},{"start":{"line":49,"column":35},"end":{"line":49,"column":45}}]},"2":{"loc":{"start":{"line":87,"column":36},"end":{"line":87,"column":null}},"type":"cond-expr","locations":[{"start":{"line":87,"column":47},"end":{"line":87,"column":null}},{"start":{"line":87,"column":47},"end":{"line":87,"column":null}}]},"3":{"loc":{"start":{"line":87,"column":36},"end":{"line":87,"column":47}},"type":"binary-expr","locations":[{"start":{"line":87,"column":36},"end":{"line":87,"column":null}},{"start":{"line":87,"column":36},"end":{"line":87,"column":47}}]},"4":{"loc":{"start":{"line":126,"column":35},"end":{"line":126,"column":null}},"type":"cond-expr","locations":[{"start":{"line":126,"column":46},"end":{"line":126,"column":null}},{"start":{"line":126,"column":46},"end":{"line":126,"column":null}}]},"5":{"loc":{"start":{"line":126,"column":35},"end":{"line":126,"column":46}},"type":"binary-expr","locations":[{"start":{"line":126,"column":35},"end":{"line":126,"column":null}},{"start":{"line":126,"column":35},"end":{"line":126,"column":46}}]},"6":{"loc":{"start":{"line":13,"column":51},"end":{"line":13,"column":72}},"type":"cond-expr","locations":[{"start":{"line":13,"column":69},"end":{"line":13,"column":72}},{"start":{"line":13,"column":69},"end":{"line":13,"column":72}}]},"7":{"loc":{"start":{"line":13,"column":51},"end":{"line":13,"column":69}},"type":"binary-expr","locations":[{"start":{"line":13,"column":51},"end":{"line":13,"column":72}},{"start":{"line":13,"column":51},"end":{"line":13,"column":69}}]}},"s":{"0":0,"1":0,"2":0,"3":0,"4":0,"5":0,"6":0,"7":0,"8":0,"9":0,"10":0,"11":0,"12":0,"13":0,"14":0,"15":0,"16":0,"17":0,"18":0,"19":0},"f":{"0":0,"1":0,"2":0,"3":0,"4":0,"5":0},"b":{"0":[0,0],"1":[0,0],"2":[0,0],"3":[0,0],"4":[0,0],"5":[0,0],"6":[0,0],"7":[0,0]}}
,"C:\\Users\\anind\\Projects\\milestone-4-fix\\src\\transaction\\transaction.module.ts": {"path":"C:\\Users\\anind\\Projects\\milestone-4-fix\\src\\transaction\\transaction.module.ts","statementMap":{"0":{"start":{"line":1,"column":0},"end":{"line":1,"column":40}},"1":{"start":{"line":2,"column":0},"end":{"line":2,"column":59}},"2":{"start":{"line":3,"column":0},"end":{"line":3,"column":65}},"3":{"start":{"line":9,"column":7},"end":{"line":9,"column":null}},"4":{"start":{"line":9,"column":13},"end":{"line":9,"column":30}},"5":{"start":{"line":9,"column":13},"end":{"line":9,"column":null}}},"fnMap":{},"branchMap":{},"s":{"0":0,"1":0,"2":0,"3":0,"4":0,"5":0},"f":{},"b":{}}
,"C:\\Users\\anind\\Projects\\milestone-4-fix\\src\\transaction\\transaction.service.ts": {"path":"C:\\Users\\anind\\Projects\\milestone-4-fix\\src\\transaction\\transaction.service.ts","statementMap":{"0":{"start":{"line":1,"column":0},"end":{"line":1,"column":104}},"1":{"start":{"line":3,"column":0},"end":{"line":3,"column":58}},"2":{"start":{"line":5,"column":0},"end":{"line":5,"column":49}},"3":{"start":{"line":9,"column":7},"end":{"line":192,"column":null}},"4":{"start":{"line":10,"column":22},"end":{"line":10,"column":30}},"5":{"start":{"line":14,"column":36},"end":{"line":14,"column":39}},"6":{"start":{"line":15,"column":20},"end":{"line":17,"column":6}},"7":{"start":{"line":19,"column":4},"end":{"line":19,"column":67}},"8":{"start":{"line":19,"column":18},"end":{"line":19,"column":67}},"9":{"start":{"line":20,"column":4},"end":{"line":20,"column":108}},"10":{"start":{"line":20,"column":35},"end":{"line":20,"column":108}},"11":{"start":{"line":22,"column":24},"end":{"line":40,"column":6}},"12":{"start":{"line":23,"column":17},"end":{"line":30,"column":8}},"13":{"start":{"line":32,"column":6},"end":{"line":37,"column":9}},"14":{"start":{"line":39,"column":6},"end":{"line":39,"column":16}},"15":{"start":{"line":42,"column":4},"end":{"line":45,"column":6}},"16":{"start":{"line":51,"column":38},"end":{"line":51,"column":41}},"17":{"start":{"line":52,"column":20},"end":{"line":54,"column":6}},"18":{"start":{"line":56,"column":4},"end":{"line":56,"column":67}},"19":{"start":{"line":56,"column":18},"end":{"line":56,"column":67}},"20":{"start":{"line":57,"column":4},"end":{"line":57,"column":111}},"21":{"start":{"line":57,"column":35},"end":{"line":57,"column":111}},"22":{"start":{"line":58,"column":4},"end":{"line":58,"column":99}},"23":{"start":{"line":58,"column":45},"end":{"line":58,"column":99}},"24":{"start":{"line":60,"column":24},"end":{"line":78,"column":6}},"25":{"start":{"line":61,"column":17},"end":{"line":68,"column":8}},"26":{"start":{"line":70,"column":6},"end":{"line":75,"column":9}},"27":{"start":{"line":77,"column":6},"end":{"line":77,"column":16}},"28":{"start":{"line":80,"column":4},"end":{"line":83,"column":6}},"29":{"start":{"line":88,"column":51},"end":{"line":88,"column":54}},"30":{"start":{"line":90,"column":4},"end":{"line":90,"column":108}},"31":{"start":{"line":90,"column":39},"end":{"line":90,"column":108}},"32":{"start":{"line":92,"column":24},"end":{"line":94,"column":6}},"33":{"start":{"line":96,"column":4},"end":{"line":96,"column":78}},"34":{"start":{"line":96,"column":22},"end":{"line":96,"column":78}},"35":{"start":{"line":97,"column":4},"end":{"line":97,"column":115}},"36":{"start":{"line":97,"column":39},"end":{"line":97,"column":115}},"37":{"start":{"line":98,"column":4},"end":{"line":98,"column":103}},"38":{"start":{"line":98,"column":49},"end":{"line":98,"column":103}},"39":{"start":{"line":100,"column":22},"end":{"line":102,"column":6}},"40":{"start":{"line":104,"column":4},"end":{"line":104,"column":81}},"41":{"start":{"line":104,"column":20},"end":{"line":104,"column":81}},"42":{"start":{"line":106,"column":24},"end":{"line":131,"column":6}},"43":{"start":{"line":107,"column":17},"end":{"line":114,"column":8}},"44":{"start":{"line":116,"column":6},"end":{"line":121,"column":9}},"45":{"start":{"line":123,"column":6},"end":{"line":128,"column":9}},"46":{"start":{"line":130,"column":6},"end":{"line":130,"column":16}},"47":{"start":{"line":133,"column":4},"end":{"line":136,"column":6}},"48":{"start":{"line":141,"column":20},"end":{"line":143,"column":6}},"49":{"start":{"line":145,"column":4},"end":{"line":145,"column":67}},"50":{"start":{"line":145,"column":18},"end":{"line":145,"column":67}},"51":{"start":{"line":146,"column":4},"end":{"line":146,"column":118}},"52":{"start":{"line":146,"column":35},"end":{"line":146,"column":118}},"53":{"start":{"line":148,"column":25},"end":{"line":158,"column":6}},"54":{"start":{"line":160,"column":4},"end":{"line":163,"column":8}},"55":{"start":{"line":160,"column":35},"end":{"line":163,"column":6}},"56":{"start":{"line":168,"column":24},"end":{"line":174,"column":6}},"57":{"start":{"line":176,"column":4},"end":{"line":176,"column":75}},"58":{"start":{"line":176,"column":22},"end":{"line":176,"column":75}},"59":{"start":{"line":178,"column":28},"end":{"line":178,"column":70}},"60":{"start":{"line":179,"column":26},"end":{"line":179,"column":66}},"61":{"start":{"line":181,"column":4},"end":{"line":181,"column":128}},"62":{"start":{"line":181,"column":44},"end":{"line":181,"column":128}},"63":{"start":{"line":183,"column":4},"end":{"line":190,"column":6}},"64":{"start":{"line":9,"column":13},"end":{"line":9,"column":31}},"65":{"start":{"line":9,"column":13},"end":{"line":192,"column":null}}},"fnMap":{"0":{"name":"(anonymous_2)","decl":{"start":{"line":10,"column":2},"end":{"line":10,"column":22}},"loc":{"start":{"line":10,"column":43},"end":{"line":10,"column":47}}},"1":{"name":"(anonymous_3)","decl":{"start":{"line":13,"column":2},"end":{"line":13,"column":7}},"loc":{"start":{"line":13,"column":83},"end":{"line":46,"column":3}}},"2":{"name":"(anonymous_4)","decl":{"start":{"line":22,"column":55},"end":{"line":22,"column":60}},"loc":{"start":{"line":22,"column":72},"end":{"line":40,"column":5}}},"3":{"name":"(anonymous_5)","decl":{"start":{"line":50,"column":2},"end":{"line":50,"column":7}},"loc":{"start":{"line":50,"column":85},"end":{"line":84,"column":3}}},"4":{"name":"(anonymous_6)","decl":{"start":{"line":60,"column":55},"end":{"line":60,"column":60}},"loc":{"start":{"line":60,"column":72},"end":{"line":78,"column":5}}},"5":{"name":"(anonymous_7)","decl":{"start":{"line":87,"column":2},"end":{"line":87,"column":7}},"loc":{"start":{"line":87,"column":97},"end":{"line":137,"column":3}}},"6":{"name":"(anonymous_8)","decl":{"start":{"line":106,"column":55},"end":{"line":106,"column":60}},"loc":{"start":{"line":106,"column":72},"end":{"line":131,"column":5}}},"7":{"name":"(anonymous_9)","decl":{"start":{"line":140,"column":2},"end":{"line":140,"column":7}},"loc":{"start":{"line":140,"column":95},"end":{"line":164,"column":3}}},"8":{"name":"(anonymous_10)","decl":{"start":{"line":160,"column":28},"end":{"line":160,"column":30}},"loc":{"start":{"line":160,"column":35},"end":{"line":163,"column":6}}},"9":{"name":"(anonymous_11)","decl":{"start":{"line":167,"column":2},"end":{"line":167,"column":7}},"loc":{"start":{"line":167,"column":42},"end":{"line":191,"column":3}}}},"branchMap":{"0":{"loc":{"start":{"line":19,"column":4},"end":{"line":19,"column":67}},"type":"if","locations":[{"start":{"line":19,"column":4},"end":{"line":19,"column":67}},{"start":{},"end":{}}]},"1":{"loc":{"start":{"line":20,"column":4},"end":{"line":20,"column":108}},"type":"if","locations":[{"start":{"line":20,"column":4},"end":{"line":20,"column":108}},{"start":{},"end":{}}]},"2":{"loc":{"start":{"line":56,"column":4},"end":{"line":56,"column":67}},"type":"if","locations":[{"start":{"line":56,"column":4},"end":{"line":56,"column":67}},{"start":{},"end":{}}]},"3":{"loc":{"start":{"line":57,"column":4},"end":{"line":57,"column":111}},"type":"if","locations":[{"start":{"line":57,"column":4},"end":{"line":57,"column":111}},{"start":{},"end":{}}]},"4":{"loc":{"start":{"line":58,"column":4},"end":{"line":58,"column":99}},"type":"if","locations":[{"start":{"line":58,"column":4},"end":{"line":58,"column":99}},{"start":{},"end":{}}]},"5":{"loc":{"start":{"line":90,"column":4},"end":{"line":90,"column":108}},"type":"if","locations":[{"start":{"line":90,"column":4},"end":{"line":90,"column":108}},{"start":{},"end":{}}]},"6":{"loc":{"start":{"line":96,"column":4},"end":{"line":96,"column":78}},"type":"if","locations":[{"start":{"line":96,"column":4},"end":{"line":96,"column":78}},{"start":{},"end":{}}]},"7":{"loc":{"start":{"line":97,"column":4},"end":{"line":97,"column":115}},"type":"if","locations":[{"start":{"line":97,"column":4},"end":{"line":97,"column":115}},{"start":{},"end":{}}]},"8":{"loc":{"start":{"line":98,"column":4},"end":{"line":98,"column":103}},"type":"if","locations":[{"start":{"line":98,"column":4},"end":{"line":98,"column":103}},{"start":{},"end":{}}]},"9":{"loc":{"start":{"line":104,"column":4},"end":{"line":104,"column":81}},"type":"if","locations":[{"start":{"line":104,"column":4},"end":{"line":104,"column":81}},{"start":{},"end":{}}]},"10":{"loc":{"start":{"line":140,"column":57},"end":{"line":140,"column":75}},"type":"default-arg","locations":[{"start":{"line":140,"column":73},"end":{"line":140,"column":75}}]},"11":{"loc":{"start":{"line":140,"column":77},"end":{"line":140,"column":95}},"type":"default-arg","locations":[{"start":{"line":140,"column":94},"end":{"line":140,"column":95}}]},"12":{"loc":{"start":{"line":145,"column":4},"end":{"line":145,"column":67}},"type":"if","locations":[{"start":{"line":145,"column":4},"end":{"line":145,"column":67}},{"start":{},"end":{}}]},"13":{"loc":{"start":{"line":146,"column":4},"end":{"line":146,"column":118}},"type":"if","locations":[{"start":{"line":146,"column":4},"end":{"line":146,"column":118}},{"start":{},"end":{}}]},"14":{"loc":{"start":{"line":176,"column":4},"end":{"line":176,"column":75}},"type":"if","locations":[{"start":{"line":176,"column":4},"end":{"line":176,"column":75}},{"start":{},"end":{}}]},"15":{"loc":{"start":{"line":181,"column":4},"end":{"line":181,"column":128}},"type":"if","locations":[{"start":{"line":181,"column":4},"end":{"line":181,"column":128}},{"start":{},"end":{}}]},"16":{"loc":{"start":{"line":181,"column":8},"end":{"line":181,"column":42}},"type":"binary-expr","locations":[{"start":{"line":181,"column":8},"end":{"line":181,"column":24}},{"start":{"line":181,"column":28},"end":{"line":181,"column":42}}]},"17":{"loc":{"start":{"line":10,"column":30},"end":{"line":10,"column":46}},"type":"cond-expr","locations":[{"start":{"line":10,"column":43},"end":{"line":10,"column":46}},{"start":{"line":10,"column":43},"end":{"line":10,"column":46}}]},"18":{"loc":{"start":{"line":10,"column":30},"end":{"line":10,"column":43}},"type":"binary-expr","locations":[{"start":{"line":10,"column":30},"end":{"line":10,"column":46}},{"start":{"line":10,"column":30},"end":{"line":10,"column":43}}]}},"s":{"0":1,"1":1,"2":1,"3":1,"4":6,"5":2,"6":2,"7":2,"8":0,"9":2,"10":1,"11":1,"12":1,"13":1,"14":1,"15":1,"16":2,"17":2,"18":2,"19":0,"20":2,"21":0,"22":2,"23":2,"24":0,"25":0,"26":0,"27":0,"28":0,"29":2,"30":2,"31":0,"32":2,"33":2,"34":0,"35":2,"36":0,"37":2,"38":1,"39":1,"40":1,"41":0,"42":1,"43":1,"44":1,"45":1,"46":1,"47":1,"48":0,"49":0,"50":0,"51":0,"52":0,"53":0,"54":0,"55":0,"56":0,"57":0,"58":0,"59":0,"60":0,"61":0,"62":0,"63":0,"64":1,"65":1},"f":{"0":6,"1":2,"2":1,"3":2,"4":0,"5":2,"6":1,"7":0,"8":0,"9":0},"b":{"0":[0,2],"1":[1,1],"2":[0,2],"3":[0,2],"4":[2,0],"5":[0,2],"6":[0,2],"7":[0,2],"8":[1,1],"9":[0,1],"10":[0],"11":[0],"12":[0,0],"13":[0,0],"14":[0,0],"15":[0,0],"16":[0,0],"17":[1,0],"18":[1,1]}}
,"C:\\Users\\anind\\Projects\\milestone-4-fix\\src\\transaction\\dto\\transactions-response.dto.ts": {"path":"C:\\Users\\anind\\Projects\\milestone-4-fix\\src\\transaction\\dto\\transactions-response.dto.ts","statementMap":{"0":{"start":{"line":1,"column":0},"end":{"line":1,"column":46}},"1":{"start":{"line":2,"column":0},"end":{"line":2,"column":49}},"2":{"start":{"line":5,"column":0},"end":{"line":5,"column":13}},"3":{"start":{"line":7,"column":4},"end":{"line":7,"column":null}},"4":{"start":{"line":10,"column":4},"end":{"line":10,"column":null}},"5":{"start":{"line":13,"column":4},"end":{"line":13,"column":null}},"6":{"start":{"line":16,"column":4},"end":{"line":16,"column":null}},"7":{"start":{"line":19,"column":4},"end":{"line":19,"column":null}},"8":{"start":{"line":22,"column":4},"end":{"line":22,"column":null}}},"fnMap":{},"branchMap":{"0":{"loc":{"start":{"line":10,"column":10},"end":{"line":10,"column":26}},"type":"cond-expr","locations":[{"start":{"line":10,"column":25},"end":{"line":10,"column":26}},{"start":{"line":10,"column":25},"end":{"line":10,"column":26}}]},"1":{"loc":{"start":{"line":10,"column":10},"end":{"line":10,"column":25}},"type":"binary-expr","locations":[{"start":{"line":10,"column":10},"end":{"line":10,"column":26}},{"start":{"line":10,"column":10},"end":{"line":10,"column":25}}]},"2":{"loc":{"start":{"line":22,"column":15},"end":{"line":22,"column":20}},"type":"cond-expr","locations":[{"start":{"line":22,"column":19},"end":{"line":22,"column":20}},{"start":{"line":22,"column":19},"end":{"line":22,"column":20}}]},"3":{"loc":{"start":{"line":22,"column":15},"end":{"line":22,"column":19}},"type":"binary-expr","locations":[{"start":{"line":22,"column":15},"end":{"line":22,"column":20}},{"start":{"line":22,"column":15},"end":{"line":22,"column":19}}]}},"s":{"0":0,"1":0,"2":0,"3":0,"4":0,"5":0,"6":0,"7":0,"8":0},"f":{},"b":{"0":[0,0],"1":[0,0],"2":[0,0],"3":[0,0]}}
,"C:\\Users\\anind\\Projects\\milestone-4-fix\\src\\transaction\\dto\\transactions.dto.ts": {"path":"C:\\Users\\anind\\Projects\\milestone-4-fix\\src\\transaction\\dto\\transactions.dto.ts","statementMap":{"0":{"start":{"line":1,"column":0},"end":{"line":1,"column":46}},"1":{"start":{"line":2,"column":0},"end":{"line":2,"column":68}},"2":{"start":{"line":4,"column":0},"end":{"line":4,"column":null}},"3":{"start":{"line":5,"column":4},"end":{"line":5,"column":null}},"4":{"start":{"line":6,"column":4},"end":{"line":6,"column":null}},"5":{"start":{"line":7,"column":4},"end":{"line":7,"column":null}},"6":{"start":{"line":11,"column":0},"end":{"line":11,"column":13}},"7":{"start":{"line":14,"column":4},"end":{"line":14,"column":null}},"8":{"start":{"line":20,"column":4},"end":{"line":20,"column":null}},"9":{"start":{"line":24,"column":0},"end":{"line":24,"column":13}},"10":{"start":{"line":27,"column":4},"end":{"line":27,"column":null}},"11":{"start":{"line":33,"column":4},"end":{"line":33,"column":null}},"12":{"start":{"line":37,"column":0},"end":{"line":37,"column":13}},"13":{"start":{"line":40,"column":4},"end":{"line":40,"column":null}},"14":{"start":{"line":44,"column":4},"end":{"line":44,"column":null}},"15":{"start":{"line":50,"column":4},"end":{"line":50,"column":null}}},"fnMap":{"0":{"name":"(anonymous_2)","decl":{"start":{"line":4,"column":0},"end":{"line":4,"column":12}},"loc":{"start":{"line":4,"column":27},"end":{"line":8,"column":1}}}},"branchMap":{"0":{"loc":{"start":{"line":4,"column":12},"end":{"line":4,"column":null}},"type":"binary-expr","locations":[{"start":{"line":4,"column":12},"end":{"line":4,"column":27}},{"start":{"line":4,"column":27},"end":{"line":4,"column":null}}]}},"s":{"0":0,"1":0,"2":0,"3":0,"4":0,"5":0,"6":0,"7":0,"8":0,"9":0,"10":0,"11":0,"12":0,"13":0,"14":0,"15":0},"f":{"0":0},"b":{"0":[0,0]}}
,"C:\\Users\\anind\\Projects\\milestone-4-fix\\src\\user\\user.controller.ts": {"path":"C:\\Users\\anind\\Projects\\milestone-4-fix\\src\\user\\user.controller.ts","statementMap":{"0":{"start":{"line":1,"column":0},"end":{"line":1,"column":45}},"1":{"start":{"line":2,"column":0},"end":{"line":2,"column":93}},"2":{"start":{"line":3,"column":0},"end":{"line":3,"column":61}},"3":{"start":{"line":4,"column":0},"end":{"line":4,"column":64}},"4":{"start":{"line":5,"column":0},"end":{"line":5,"column":171}},"5":{"start":{"line":6,"column":0},"end":{"line":6,"column":49}},"6":{"start":{"line":12,"column":7},"end":{"line":140,"column":null}},"7":{"start":{"line":13,"column":22},"end":{"line":13,"column":35}},"8":{"start":{"line":38,"column":4},"end":{"line":38,"column":38}},"9":{"start":{"line":70,"column":4},"end":{"line":70,"column":null}},"10":{"start":{"line":110,"column":4},"end":{"line":110,"column":44}},"11":{"start":{"line":138,"column":4},"end":{"line":138,"column":39}},"12":{"start":{"line":12,"column":13},"end":{"line":12,"column":27}},"13":{"start":{"line":37,"column":2},"end":{"line":39,"column":null}},"14":{"start":{"line":69,"column":2},"end":{"line":71,"column":null}},"15":{"start":{"line":109,"column":2},"end":{"line":111,"column":null}},"16":{"start":{"line":137,"column":2},"end":{"line":139,"column":null}},"17":{"start":{"line":12,"column":13},"end":{"line":140,"column":null}}},"fnMap":{"0":{"name":"(anonymous_4)","decl":{"start":{"line":13,"column":2},"end":{"line":13,"column":22}},"loc":{"start":{"line":13,"column":46},"end":{"line":13,"column":50}}},"1":{"name":"(anonymous_5)","decl":{"start":{"line":37,"column":2},"end":{"line":37,"column":9}},"loc":{"start":{"line":37,"column":9},"end":{"line":39,"column":3}}},"2":{"name":"(anonymous_6)","decl":{"start":{"line":69,"column":2},"end":{"line":69,"column":9}},"loc":{"start":{"line":69,"column":33},"end":{"line":71,"column":3}}},"3":{"name":"(anonymous_7)","decl":{"start":{"line":109,"column":2},"end":{"line":109,"column":8}},"loc":{"start":{"line":109,"column":60},"end":{"line":111,"column":3}}},"4":{"name":"(anonymous_8)","decl":{"start":{"line":137,"column":2},"end":{"line":137,"column":8}},"loc":{"start":{"line":137,"column":32},"end":{"line":139,"column":3}}}},"branchMap":{"0":{"loc":{"start":{"line":109,"column":47},"end":{"line":109,"column":null}},"type":"cond-expr","locations":[{"start":{"line":109,"column":60},"end":{"line":109,"column":null}},{"start":{"line":109,"column":60},"end":{"line":109,"column":null}}]},"1":{"loc":{"start":{"line":109,"column":47},"end":{"line":109,"column":60}},"type":"binary-expr","locations":[{"start":{"line":109,"column":47},"end":{"line":109,"column":null}},{"start":{"line":109,"column":47},"end":{"line":109,"column":60}}]},"2":{"loc":{"start":{"line":13,"column":35},"end":{"line":13,"column":49}},"type":"cond-expr","locations":[{"start":{"line":13,"column":46},"end":{"line":13,"column":49}},{"start":{"line":13,"column":46},"end":{"line":13,"column":49}}]},"3":{"loc":{"start":{"line":13,"column":35},"end":{"line":13,"column":46}},"type":"binary-expr","locations":[{"start":{"line":13,"column":35},"end":{"line":13,"column":49}},{"start":{"line":13,"column":35},"end":{"line":13,"column":46}}]}},"s":{"0":0,"1":0,"2":0,"3":0,"4":0,"5":0,"6":0,"7":0,"8":0,"9":0,"10":0,"11":0,"12":0,"13":0,"14":0,"15":0,"16":0,"17":0},"f":{"0":0,"1":0,"2":0,"3":0,"4":0},"b":{"0":[0,0],"1":[0,0],"2":[0,0],"3":[0,0]}}
,"C:\\Users\\anind\\Projects\\milestone-4-fix\\src\\user\\user.module.ts": {"path":"C:\\Users\\anind\\Projects\\milestone-4-fix\\src\\user\\user.module.ts","statementMap":{"0":{"start":{"line":1,"column":0},"end":{"line":1,"column":40}},"1":{"start":{"line":2,"column":0},"end":{"line":2,"column":51}},"2":{"start":{"line":3,"column":0},"end":{"line":3,"column":56}},"3":{"start":{"line":4,"column":0},"end":{"line":4,"column":45}},"4":{"start":{"line":12,"column":7},"end":{"line":12,"column":null}},"5":{"start":{"line":12,"column":13},"end":{"line":12,"column":23}},"6":{"start":{"line":12,"column":13},"end":{"line":12,"column":null}}},"fnMap":{},"branchMap":{},"s":{"0":0,"1":0,"2":0,"3":0,"4":0,"5":0,"6":0},"f":{},"b":{}}
,"C:\\Users\\anind\\Projects\\milestone-4-fix\\src\\user\\user.service.ts": {"path":"C:\\Users\\anind\\Projects\\milestone-4-fix\\src\\user\\user.service.ts","statementMap":{"0":{"start":{"line":1,"column":0},"end":{"line":1,"column":63}},"1":{"start":{"line":3,"column":0},"end":{"line":3,"column":58}},"2":{"start":{"line":6,"column":7},"end":{"line":107,"column":null}},"3":{"start":{"line":7,"column":22},"end":{"line":7,"column":30}},"4":{"start":{"line":10,"column":18},"end":{"line":19,"column":6}},"5":{"start":{"line":21,"column":4},"end":{"line":24,"column":8}},"6":{"start":{"line":21,"column":30},"end":{"line":24,"column":6}},"7":{"start":{"line":28,"column":17},"end":{"line":37,"column":6}},"8":{"start":{"line":39,"column":4},"end":{"line":39,"column":61}},"9":{"start":{"line":39,"column":15},"end":{"line":39,"column":61}},"10":{"start":{"line":41,"column":4},"end":{"line":44,"column":6}},"11":{"start":{"line":48,"column":25},"end":{"line":50,"column":6}},"12":{"start":{"line":52,"column":4},"end":{"line":52,"column":69}},"13":{"start":{"line":52,"column":23},"end":{"line":52,"column":69}},"14":{"start":{"line":55,"column":17},"end":{"line":68,"column":6}},"15":{"start":{"line":70,"column":4},"end":{"line":73,"column":6}},"16":{"start":{"line":77,"column":17},"end":{"line":82,"column":6}},"17":{"start":{"line":84,"column":4},"end":{"line":84,"column":61}},"18":{"start":{"line":84,"column":15},"end":{"line":84,"column":61}},"19":{"start":{"line":86,"column":4},"end":{"line":88,"column":7}},"20":{"start":{"line":90,"column":4},"end":{"line":93,"column":6}},"21":{"start":{"line":97,"column":4},"end":{"line":99,"column":7}},"22":{"start":{"line":103,"column":4},"end":{"line":105,"column":7}},"23":{"start":{"line":6,"column":13},"end":{"line":6,"column":24}},"24":{"start":{"line":6,"column":13},"end":{"line":107,"column":null}}},"fnMap":{"0":{"name":"(anonymous_2)","decl":{"start":{"line":7,"column":2},"end":{"line":7,"column":22}},"loc":{"start":{"line":7,"column":43},"end":{"line":7,"column":47}}},"1":{"name":"(anonymous_3)","decl":{"start":{"line":9,"column":2},"end":{"line":9,"column":7}},"loc":{"start":{"line":9,"column":15},"end":{"line":25,"column":3}}},"2":{"name":"(anonymous_4)","decl":{"start":{"line":21,"column":21},"end":{"line":21,"column":25}},"loc":{"start":{"line":21,"column":30},"end":{"line":24,"column":6}}},"3":{"name":"(anonymous_5)","decl":{"start":{"line":27,"column":2},"end":{"line":27,"column":7}},"loc":{"start":{"line":27,"column":26},"end":{"line":45,"column":3}}},"4":{"name":"(anonymous_6)","decl":{"start":{"line":47,"column":2},"end":{"line":47,"column":7}},"loc":{"start":{"line":47,"column":45},"end":{"line":74,"column":3}}},"5":{"name":"(anonymous_7)","decl":{"start":{"line":76,"column":2},"end":{"line":76,"column":7}},"loc":{"start":{"line":76,"column":25},"end":{"line":94,"column":3}}},"6":{"name":"(anonymous_8)","decl":{"start":{"line":96,"column":2},"end":{"line":96,"column":7}},"loc":{"start":{"line":96,"column":33},"end":{"line":100,"column":3}}},"7":{"name":"(anonymous_9)","decl":{"start":{"line":102,"column":2},"end":{"line":102,"column":7}},"loc":{"start":{"line":102,"column":27},"end":{"line":106,"column":3}}}},"branchMap":{"0":{"loc":{"start":{"line":39,"column":4},"end":{"line":39,"column":61}},"type":"if","locations":[{"start":{"line":39,"column":4},"end":{"line":39,"column":61}},{"start":{},"end":{}}]},"1":{"loc":{"start":{"line":52,"column":4},"end":{"line":52,"column":69}},"type":"if","locations":[{"start":{"line":52,"column":4},"end":{"line":52,"column":69}},{"start":{},"end":{}}]},"2":{"loc":{"start":{"line":58,"column":12},"end":{"line":58,"column":42}},"type":"binary-expr","locations":[{"start":{"line":58,"column":12},"end":{"line":58,"column":20}},{"start":{"line":58,"column":24},"end":{"line":58,"column":42}}]},"3":{"loc":{"start":{"line":59,"column":12},"end":{"line":59,"column":42}},"type":"binary-expr","locations":[{"start":{"line":59,"column":12},"end":{"line":59,"column":20}},{"start":{"line":59,"column":24},"end":{"line":59,"column":42}}]},"4":{"loc":{"start":{"line":84,"column":4},"end":{"line":84,"column":61}},"type":"if","locations":[{"start":{"line":84,"column":4},"end":{"line":84,"column":61}},{"start":{},"end":{}}]},"5":{"loc":{"start":{"line":7,"column":30},"end":{"line":7,"column":46}},"type":"cond-expr","locations":[{"start":{"line":7,"column":43},"end":{"line":7,"column":46}},{"start":{"line":7,"column":43},"end":{"line":7,"column":46}}]},"6":{"loc":{"start":{"line":7,"column":30},"end":{"line":7,"column":43}},"type":"binary-expr","locations":[{"start":{"line":7,"column":30},"end":{"line":7,"column":46}},{"start":{"line":7,"column":30},"end":{"line":7,"column":43}}]}},"s":{"0":0,"1":0,"2":0,"3":0,"4":0,"5":0,"6":0,"7":0,"8":0,"9":0,"10":0,"11":0,"12":0,"13":0,"14":0,"15":0,"16":0,"17":0,"18":0,"19":0,"20":0,"21":0,"22":0,"23":0,"24":0},"f":{"0":0,"1":0,"2":0,"3":0,"4":0,"5":0,"6":0,"7":0},"b":{"0":[0,0],"1":[0,0],"2":[0,0],"3":[0,0],"4":[0,0],"5":[0,0],"6":[0,0]}}
,"C:\\Users\\anind\\Projects\\milestone-4-fix\\src\\user\\dto\\user.dto.ts": {"path":"C:\\Users\\anind\\Projects\\milestone-4-fix\\src\\user\\dto\\user.dto.ts","statementMap":{"0":{"start":{"line":1,"column":0},"end":{"line":1,"column":46}},"1":{"start":{"line":2,"column":0},"end":{"line":2,"column":74}},"2":{"start":{"line":3,"column":0},"end":{"line":3,"column":38}},"3":{"start":{"line":5,"column":0},"end":{"line":5,"column":13}},"4":{"start":{"line":10,"column":4},"end":{"line":10,"column":null}},"5":{"start":{"line":15,"column":4},"end":{"line":15,"column":null}},"6":{"start":{"line":18,"column":0},"end":{"line":18,"column":13}},"7":{"start":{"line":20,"column":4},"end":{"line":20,"column":null}},"8":{"start":{"line":23,"column":4},"end":{"line":23,"column":null}},"9":{"start":{"line":26,"column":4},"end":{"line":26,"column":null}},"10":{"start":{"line":29,"column":4},"end":{"line":29,"column":null}},"11":{"start":{"line":32,"column":4},"end":{"line":32,"column":null}}},"fnMap":{},"branchMap":{"0":{"loc":{"start":{"line":15,"column":11},"end":{"line":15,"column":16}},"type":"cond-expr","locations":[{"start":{"line":15,"column":15},"end":{"line":15,"column":16}},{"start":{"line":15,"column":15},"end":{"line":15,"column":16}}]},"1":{"loc":{"start":{"line":15,"column":11},"end":{"line":15,"column":15}},"type":"binary-expr","locations":[{"start":{"line":15,"column":11},"end":{"line":15,"column":16}},{"start":{"line":15,"column":11},"end":{"line":15,"column":15}}]},"2":{"loc":{"start":{"line":29,"column":10},"end":{"line":29,"column":15}},"type":"cond-expr","locations":[{"start":{"line":29,"column":14},"end":{"line":29,"column":15}},{"start":{"line":29,"column":14},"end":{"line":29,"column":15}}]},"3":{"loc":{"start":{"line":29,"column":10},"end":{"line":29,"column":14}},"type":"binary-expr","locations":[{"start":{"line":29,"column":10},"end":{"line":29,"column":15}},{"start":{"line":29,"column":10},"end":{"line":29,"column":14}}]},"4":{"loc":{"start":{"line":32,"column":15},"end":{"line":32,"column":20}},"type":"cond-expr","locations":[{"start":{"line":32,"column":19},"end":{"line":32,"column":20}},{"start":{"line":32,"column":19},"end":{"line":32,"column":20}}]},"5":{"loc":{"start":{"line":32,"column":15},"end":{"line":32,"column":19}},"type":"binary-expr","locations":[{"start":{"line":32,"column":15},"end":{"line":32,"column":20}},{"start":{"line":32,"column":15},"end":{"line":32,"column":19}}]}},"s":{"0":0,"1":0,"2":0,"3":0,"4":0,"5":0,"6":0,"7":0,"8":0,"9":0,"10":0,"11":0},"f":{},"b":{"0":[0,0],"1":[0,0],"2":[0,0],"3":[0,0],"4":[0,0],"5":[0,0]}}
}
